[03-May-2022 06:15:52 UTC] PDOException: PDO::__construct(): Argument #1 ($dsn) must be a valid data source name in /var/www/html/src/web/database/connection.php:24
Stack trace:
#0 /var/www/html/src/web/database/connection.php(24): PDO->__construct('host=db;dbname=...', 'user', 'password')
#1 /var/www/html/src/web/database/crud-users.php(18): connection_to_db()
#2 /var/www/html/src/web/actions/sign-up.php(86): insert_user(Object(User))
#3 /var/www/html/src/web/router/routes.php(41): sign_up_user()
#4 /var/www/html/src/web/router/router.php(28): {closure}()
#5 /var/www/html/index.php(11): resolve()
#6 {main}
[03-May-2022 06:17:07 UTC] PHP Deprecated:  PDO::__construct(): Passing null to parameter #1 ($dsn) of type string is deprecated in /var/www/html/src/web/database/connection.php on line 25
[03-May-2022 06:17:07 UTC] PDOException: PDO::__construct(): Argument #1 ($dsn) must be a valid data source name in /var/www/html/src/web/database/connection.php:25
Stack trace:
#0 /var/www/html/src/web/database/connection.php(25): PDO->__construct('', 'user', 'password')
#1 /var/www/html/src/web/database/crud-users.php(18): connection_to_db()
#2 /var/www/html/src/web/actions/sign-up.php(86): insert_user(Object(User))
#3 /var/www/html/src/web/router/routes.php(41): sign_up_user()
#4 /var/www/html/src/web/router/router.php(28): {closure}()
#5 /var/www/html/index.php(11): resolve()
#6 {main}
[03-May-2022 06:31:06 UTC] PHP Fatal error:  Uncaught Error: Undefined constant "ABS_PATH" in /var/www/html/src/web/database/connection.php:20
Stack trace:
#0 /var/www/html/src/web/database/crud-users.php(18): connection_to_db()
#1 /var/www/html/src/web/actions/sign-up.php(86): insert_user(Object(User))
#2 /var/www/html/src/web/router/routes.php(41): sign_up_user()
#3 /var/www/html/src/web/router/router.php(28): {closure}()
#4 /var/www/html/index.php(11): resolve()
#5 {main}
  thrown in /var/www/html/src/web/database/connection.php on line 20
[03-May-2022 06:32:34 UTC] PHP Parse error:  syntax error, unexpected token "require" in /var/www/html/index.php on line 10
[03-May-2022 06:32:45 UTC] PHP Warning:  require_once(./src/path.php.): Failed to open stream: No such file or directory in /var/www/html/index.php on line 9
[03-May-2022 06:32:45 UTC] PHP Fatal error:  Uncaught Error: Failed opening required './src/path.php.' (include_path='.:/usr/local/lib/php') in /var/www/html/index.php:9
Stack trace:
#0 {main}
  thrown in /var/www/html/index.php on line 9
[03-May-2022 06:34:02 UTC] PHP Fatal error:  Uncaught Dotenv\Exception\InvalidPathException: Unable to read any of the environment file(s) at [/var/www/html/src/.env/.env]. in /var/www/vendor/vlucas/phpdotenv/src/Store/FileStore.php:68
Stack trace:
#0 /var/www/vendor/vlucas/phpdotenv/src/Dotenv.php(222): Dotenv\Store\FileStore->read()
#1 /var/www/html/src/web/database/connection.php(23): Dotenv\Dotenv->load()
#2 /var/www/html/src/web/database/crud-users.php(18): connection_to_db()
#3 /var/www/html/src/web/actions/sign-up.php(86): insert_user(Object(User))
#4 /var/www/html/src/web/router/routes.php(41): sign_up_user()
#5 /var/www/html/src/web/router/router.php(28): {closure}()
#6 /var/www/html/index.php(12): resolve()
#7 {main}
  thrown in /var/www/vendor/vlucas/phpdotenv/src/Store/FileStore.php on line 68
[03-May-2022 06:34:34 UTC] PHP Fatal error:  Uncaught Dotenv\Exception\InvalidPathException: Unable to read any of the environment file(s) at [/var/www/html/src/web/database/.env]. in /var/www/vendor/vlucas/phpdotenv/src/Store/FileStore.php:68
Stack trace:
#0 /var/www/vendor/vlucas/phpdotenv/src/Dotenv.php(222): Dotenv\Store\FileStore->read()
#1 /var/www/html/src/web/database/connection.php(23): Dotenv\Dotenv->load()
#2 /var/www/html/src/web/database/crud-users.php(18): connection_to_db()
#3 /var/www/html/src/web/actions/sign-up.php(86): insert_user(Object(User))
#4 /var/www/html/src/web/router/routes.php(41): sign_up_user()
#5 /var/www/html/src/web/router/router.php(28): {closure}()
#6 /var/www/html/index.php(12): resolve()
#7 {main}
  thrown in /var/www/vendor/vlucas/phpdotenv/src/Store/FileStore.php on line 68
[03-May-2022 06:35:57 UTC] PHP Fatal error:  Uncaught Dotenv\Exception\InvalidPathException: Unable to read any of the environment file(s) at [/var/www/html/src/.env_db/.env_db]. in /var/www/vendor/vlucas/phpdotenv/src/Store/FileStore.php:68
Stack trace:
#0 /var/www/vendor/vlucas/phpdotenv/src/Dotenv.php(222): Dotenv\Store\FileStore->read()
#1 /var/www/html/src/web/database/connection.php(23): Dotenv\Dotenv->load()
#2 /var/www/html/src/web/database/crud-users.php(18): connection_to_db()
#3 /var/www/html/src/web/actions/sign-up.php(86): insert_user(Object(User))
#4 /var/www/html/src/web/router/routes.php(41): sign_up_user()
#5 /var/www/html/src/web/router/router.php(28): {closure}()
#6 /var/www/html/index.php(12): resolve()
#7 {main}
  thrown in /var/www/vendor/vlucas/phpdotenv/src/Store/FileStore.php on line 68
