[16-May-2022 08:54:04 Europe/Paris] PHP Fatal error:  Uncaught Error: Call to undefined function autload_core() in /var/www/html/src/core/validation.php:9
Stack trace:
#0 {main}
  thrown in /var/www/html/src/core/validation.php on line 9
[16-May-2022 09:06:13 Europe/Paris] PHP Parse error:  syntax error, unexpected identifier "is_source_file_valid" in Command line code on line 1
[16-May-2022 09:06:23 Europe/Paris] PHP Warning:  DOMDocument::validate(): /var/www/html/src/core/extraits.dtd:11: parser error : NmToken expected in ATTLIST enumeration in /var/www/html/src/core/validation.php on line 36
[16-May-2022 09:06:23 Europe/Paris] PHP Warning:  DOMDocument::validate(): <!ATTLIST source series ("le-tribunal-des-bureaux") "le-tribunal-des-bureaux" > in /var/www/html/src/core/validation.php on line 36
[16-May-2022 09:06:23 Europe/Paris] PHP Warning:  DOMDocument::validate():                          ^ in /var/www/html/src/core/validation.php on line 36
[16-May-2022 09:06:23 Europe/Paris] PHP Warning:  DOMDocument::validate(): /var/www/html/src/core/extraits.dtd:11: parser error : Content error in the external subset in /var/www/html/src/core/validation.php on line 36
[16-May-2022 09:06:23 Europe/Paris] PHP Warning:  DOMDocument::validate(): <!ATTLIST source series ("le-tribunal-des-bureaux") "le-tribunal-des-bureaux" > in /var/www/html/src/core/validation.php on line 36
[16-May-2022 09:06:23 Europe/Paris] PHP Warning:  DOMDocument::validate():                          ^ in /var/www/html/src/core/validation.php on line 36
[16-May-2022 09:06:23 Europe/Paris] PHP Warning:  DOMDocument::validate(): Could not load the external subset "extraits.dtd" in /var/www/html/src/core/validation.php on line 36
[16-May-2022 09:07:11 Europe/Paris] PHP Warning:  DOMDocument::validate(): /var/www/html/src/core/extraits.dtd:11: parser error : NmToken expected in ATTLIST enumeration in /var/www/html/src/core/validation.php on line 36
[16-May-2022 09:07:11 Europe/Paris] PHP Warning:  DOMDocument::validate(): <!ATTLIST source series ("le-tribunal-des-bureaux") "le-tribunal-des-bureaux" > in /var/www/html/src/core/validation.php on line 36
[16-May-2022 09:07:11 Europe/Paris] PHP Warning:  DOMDocument::validate():                          ^ in /var/www/html/src/core/validation.php on line 36
[16-May-2022 09:07:11 Europe/Paris] PHP Warning:  DOMDocument::validate(): /var/www/html/src/core/extraits.dtd:11: parser error : Content error in the external subset in /var/www/html/src/core/validation.php on line 36
[16-May-2022 09:07:11 Europe/Paris] PHP Warning:  DOMDocument::validate(): <!ATTLIST source series ("le-tribunal-des-bureaux") "le-tribunal-des-bureaux" > in /var/www/html/src/core/validation.php on line 36
[16-May-2022 09:07:11 Europe/Paris] PHP Warning:  DOMDocument::validate():                          ^ in /var/www/html/src/core/validation.php on line 36
[16-May-2022 09:07:11 Europe/Paris] PHP Warning:  DOMDocument::validate(): Could not load the external subset "extraits.dtd" in /var/www/html/src/core/validation.php on line 36
[16-May-2022 09:07:21 Europe/Paris] PHP Warning:  DOMDocument::validate(): /var/www/html/src/core/extraits.dtd:11: parser error : NmToken expected in ATTLIST enumeration in /var/www/html/src/core/validation.php on line 36
[16-May-2022 09:07:21 Europe/Paris] PHP Warning:  DOMDocument::validate(): <!ATTLIST source series ("le-tribunal-des-bureaux") "le-tribunal-des-bureaux" > in /var/www/html/src/core/validation.php on line 36
[16-May-2022 09:07:21 Europe/Paris] PHP Warning:  DOMDocument::validate():                          ^ in /var/www/html/src/core/validation.php on line 36
[16-May-2022 09:07:21 Europe/Paris] PHP Warning:  DOMDocument::validate(): /var/www/html/src/core/extraits.dtd:11: parser error : Content error in the external subset in /var/www/html/src/core/validation.php on line 36
[16-May-2022 09:07:21 Europe/Paris] PHP Warning:  DOMDocument::validate(): <!ATTLIST source series ("le-tribunal-des-bureaux") "le-tribunal-des-bureaux" > in /var/www/html/src/core/validation.php on line 36
[16-May-2022 09:07:21 Europe/Paris] PHP Warning:  DOMDocument::validate():                          ^ in /var/www/html/src/core/validation.php on line 36
[16-May-2022 09:07:21 Europe/Paris] PHP Warning:  DOMDocument::validate(): Could not load the external subset "extraits.dtd" in /var/www/html/src/core/validation.php on line 36
[16-May-2022 09:07:54 Europe/Paris] PHP Warning:  DOMDocument::validate(): /var/www/html/src/core/extraits.dtd:11: parser error : NmToken expected in ATTLIST enumeration in /var/www/html/src/core/validation.php on line 36
[16-May-2022 09:07:54 Europe/Paris] PHP Warning:  DOMDocument::validate(): <!ATTLIST source series ("le-tribunal-des-bureaux") "le-tribunal-des-bureaux" > in /var/www/html/src/core/validation.php on line 36
[16-May-2022 09:07:54 Europe/Paris] PHP Warning:  DOMDocument::validate():                          ^ in /var/www/html/src/core/validation.php on line 36
[16-May-2022 09:07:54 Europe/Paris] PHP Warning:  DOMDocument::validate(): /var/www/html/src/core/extraits.dtd:11: parser error : Content error in the external subset in /var/www/html/src/core/validation.php on line 36
[16-May-2022 09:07:54 Europe/Paris] PHP Warning:  DOMDocument::validate(): <!ATTLIST source series ("le-tribunal-des-bureaux") "le-tribunal-des-bureaux" > in /var/www/html/src/core/validation.php on line 36
[16-May-2022 09:07:54 Europe/Paris] PHP Warning:  DOMDocument::validate():                          ^ in /var/www/html/src/core/validation.php on line 36
[16-May-2022 09:07:54 Europe/Paris] PHP Warning:  DOMDocument::validate(): Could not load the external subset "extraits.dtd" in /var/www/html/src/core/validation.php on line 36
[16-May-2022 09:08:09 Europe/Paris] PHP Warning:  DOMDocument::validate(): /var/www/html/src/core/extraits.dtd:11: parser error : NmToken expected in ATTLIST enumeration in /var/www/html/src/core/validation.php on line 36
[16-May-2022 09:08:09 Europe/Paris] PHP Warning:  DOMDocument::validate(): <!ATTLIST source series ("le-tribunal-des-bureaux") "le-tribunal-des-bureaux" > in /var/www/html/src/core/validation.php on line 36
[16-May-2022 09:08:09 Europe/Paris] PHP Warning:  DOMDocument::validate():                          ^ in /var/www/html/src/core/validation.php on line 36
[16-May-2022 09:08:09 Europe/Paris] PHP Warning:  DOMDocument::validate(): /var/www/html/src/core/extraits.dtd:11: parser error : Content error in the external subset in /var/www/html/src/core/validation.php on line 36
[16-May-2022 09:08:09 Europe/Paris] PHP Warning:  DOMDocument::validate(): <!ATTLIST source series ("le-tribunal-des-bureaux") "le-tribunal-des-bureaux" > in /var/www/html/src/core/validation.php on line 36
[16-May-2022 09:08:09 Europe/Paris] PHP Warning:  DOMDocument::validate():                          ^ in /var/www/html/src/core/validation.php on line 36
[16-May-2022 09:08:09 Europe/Paris] PHP Warning:  DOMDocument::validate(): Could not load the external subset "extraits.dtd" in /var/www/html/src/core/validation.php on line 36
[16-May-2022 09:08:24 Europe/Paris] PHP Parse error:  syntax error, unexpected string content "extraits.xml);" in Command line code on line 1
[16-May-2022 09:08:28 Europe/Paris] PHP Warning:  DOMDocument::validate(): /var/www/html/src/core/extraits.dtd:11: parser error : NmToken expected in ATTLIST enumeration in /var/www/html/src/core/validation.php on line 36
[16-May-2022 09:08:28 Europe/Paris] PHP Warning:  DOMDocument::validate(): <!ATTLIST source series ("le-tribunal-des-bureaux") "le-tribunal-des-bureaux" > in /var/www/html/src/core/validation.php on line 36
[16-May-2022 09:08:28 Europe/Paris] PHP Warning:  DOMDocument::validate():                          ^ in /var/www/html/src/core/validation.php on line 36
[16-May-2022 09:08:28 Europe/Paris] PHP Warning:  DOMDocument::validate(): /var/www/html/src/core/extraits.dtd:11: parser error : Content error in the external subset in /var/www/html/src/core/validation.php on line 36
[16-May-2022 09:08:28 Europe/Paris] PHP Warning:  DOMDocument::validate(): <!ATTLIST source series ("le-tribunal-des-bureaux") "le-tribunal-des-bureaux" > in /var/www/html/src/core/validation.php on line 36
[16-May-2022 09:08:28 Europe/Paris] PHP Warning:  DOMDocument::validate():                          ^ in /var/www/html/src/core/validation.php on line 36
[16-May-2022 09:08:28 Europe/Paris] PHP Warning:  DOMDocument::validate(): Could not load the external subset "extraits.dtd" in /var/www/html/src/core/validation.php on line 36
[16-May-2022 09:09:56 Europe/Paris] PHP Warning:  DOMDocument::validate(): /var/www/html/src/core/extraits.dtd:11: parser error : NmToken expected in ATTLIST enumeration in /var/www/html/src/core/validation.php on line 36
[16-May-2022 09:09:56 Europe/Paris] PHP Warning:  DOMDocument::validate(): <!ATTLIST source series ("le-tribunal-des-bureaux") "le-tribunal-des-bureaux" > in /var/www/html/src/core/validation.php on line 36
[16-May-2022 09:09:56 Europe/Paris] PHP Warning:  DOMDocument::validate():                          ^ in /var/www/html/src/core/validation.php on line 36
[16-May-2022 09:09:56 Europe/Paris] PHP Warning:  DOMDocument::validate(): /var/www/html/src/core/extraits.dtd:11: parser error : Content error in the external subset in /var/www/html/src/core/validation.php on line 36
[16-May-2022 09:09:56 Europe/Paris] PHP Warning:  DOMDocument::validate(): <!ATTLIST source series ("le-tribunal-des-bureaux") "le-tribunal-des-bureaux" > in /var/www/html/src/core/validation.php on line 36
[16-May-2022 09:09:56 Europe/Paris] PHP Warning:  DOMDocument::validate():                          ^ in /var/www/html/src/core/validation.php on line 36
[16-May-2022 09:09:56 Europe/Paris] PHP Warning:  DOMDocument::validate(): Could not load the external subset "extraits.dtd" in /var/www/html/src/core/validation.php on line 36
